All strings must be XML compatible: Unicode or ASCII, no NULL bytes or control characters
Traceback (most recent call last):
  File "D:\programming\python\SystexWebScanReportGen\webscan_gen.py", line 851, in silent_generate_report
    generate_report(dev_pdf, owa_pdf, doc_file, xls_file, save_path, **kwargs)
  File "D:\programming\python\SystexWebScanReportGen\webscan_gen.py", line 812, in generate_report
    doc_owasp_list(doc, df, owa_list)
  File "D:\programming\python\SystexWebScanReportGen\webscan_gen.py", line 584, in doc_owasp_list
    cell.text = tmp
  File "C:\ProgramData\Miniconda3\envs\magic\lib\site-packages\docx\table.py", line 270, in text
    r.text = text
  File "C:\ProgramData\Miniconda3\envs\magic\lib\site-packages\docx\oxml\text\run.py", line 104, in text
    _RunContentAppender.append_to_run_from_text(self, text)
  File "C:\ProgramData\Miniconda3\envs\magic\lib\site-packages\docx\oxml\text\run.py", line 134, in append_to_run_from_text
    appender.add_text(text)
  File "C:\ProgramData\Miniconda3\envs\magic\lib\site-packages\docx\oxml\text\run.py", line 143, in add_text
    self.flush()
  File "C:\ProgramData\Miniconda3\envs\magic\lib\site-packages\docx\oxml\text\run.py", line 165, in flush
    self._r.add_t(text)
  File "C:\ProgramData\Miniconda3\envs\magic\lib\site-packages\docx\oxml\text\run.py", line 41, in add_t
    t = self._add_t(text=text)
  File "C:\ProgramData\Miniconda3\envs\magic\lib\site-packages\docx\oxml\xmlchemy.py", line 273, in _add_child
    setattr(child, key, value)
  File "src\lxml\etree.pyx", line 1024, in lxml.etree._Element.text.__set__
  File "src\lxml\apihelpers.pxi", line 747, in lxml.etree._setNodeText
  File "src\lxml\apihelpers.pxi", line 735, in lxml.etree._createTextNode
  File "src\lxml\apihelpers.pxi", line 1540, in lxml.etree._utf8
ValueError: All strings must be XML compatible: Unicode or ASCII, no NULL bytes or control characters

// 以前只有我和上帝知道我的程式在寫啥，現在只有神知道了